\BOOKMARK [1][-]{section.1}{\376\377\000I\000n\000t\000r\000o\000d\000u\000c\000t\000i\000o\000n}{}% 1
\BOOKMARK [1][-]{section.2}{\376\377\000S\000y\000s\000t\000e\000m\000\040\000A\000r\000c\000h\000i\000t\000e\000c\000t\000u\000r\000e\000\040\000a\000n\000d\000\040\000H\000a\000r\000d\000w\000a\000r\000e\000\040\000A\000n\000a\000l\000y\000s\000i\000s}{}% 2
\BOOKMARK [2][-]{subsection.2.1}{\376\377\000S\000T\000M\0003\0002\000H\0007\000\040\000M\000i\000c\000r\000o\000c\000o\000n\000t\000r\000o\000l\000l\000e\000r\000\040\000S\000p\000e\000c\000i\000f\000i\000c\000a\000t\000i\000o\000n\000s}{section.2}% 3
\BOOKMARK [2][-]{subsection.2.2}{\376\377\000T\000h\000r\000e\000a\000d\000i\000n\000g\000\040\000M\000o\000d\000e\000l\000\040\000A\000n\000a\000l\000y\000s\000i\000s}{section.2}% 4
\BOOKMARK [1][-]{section.3}{\376\377\000M\000a\000t\000h\000e\000m\000a\000t\000i\000c\000a\000l\000\040\000F\000r\000a\000m\000e\000w\000o\000r\000k\000\040\000f\000o\000r\000\040\000R\000e\000a\000l\000-\000T\000i\000m\000e\000\040\000A\000n\000a\000l\000y\000s\000i\000s}{}% 5
\BOOKMARK [2][-]{subsection.3.1}{\376\377\000T\000a\000s\000k\000\040\000M\000o\000d\000e\000l\000\040\000D\000e\000f\000i\000n\000i\000t\000i\000o\000n}{section.3}% 6
\BOOKMARK [2][-]{subsection.3.2}{\376\377\000C\000r\000i\000t\000i\000c\000a\000l\000\040\000P\000X\0004\000\040\000T\000a\000s\000k\000s}{section.3}% 7
\BOOKMARK [1][-]{section.4}{\376\377\000S\000c\000h\000e\000d\000u\000l\000a\000b\000i\000l\000i\000t\000y\000\040\000A\000n\000a\000l\000y\000s\000i\000s\000\040\000a\000n\000d\000\040\000P\000r\000o\000o\000f\000s}{}% 8
\BOOKMARK [2][-]{subsection.4.1}{\376\377\000C\000P\000U\000\040\000U\000t\000i\000l\000i\000z\000a\000t\000i\000o\000n\000\040\000A\000n\000a\000l\000y\000s\000i\000s}{section.4}% 9
\BOOKMARK [2][-]{subsection.4.2}{\376\377\000R\000a\000t\000e\000\040\000M\000o\000n\000o\000t\000o\000n\000i\000c\000\040\000S\000c\000h\000e\000d\000u\000l\000i\000n\000g\000\040\000A\000n\000a\000l\000y\000s\000i\000s}{section.4}% 10
\BOOKMARK [2][-]{subsection.4.3}{\376\377\000R\000e\000s\000p\000o\000n\000s\000e\000\040\000T\000i\000m\000e\000\040\000A\000n\000a\000l\000y\000s\000i\000s}{section.4}% 11
\BOOKMARK [1][-]{section.5}{\376\377\000P\000r\000i\000o\000r\000i\000t\000y\000\040\000I\000n\000h\000e\000r\000i\000t\000a\000n\000c\000e\000\040\000a\000n\000d\000\040\000B\000l\000o\000c\000k\000i\000n\000g\000\040\000A\000n\000a\000l\000y\000s\000i\000s}{}% 12
\BOOKMARK [2][-]{subsection.5.1}{\376\377\000P\000r\000i\000o\000r\000i\000t\000y\000\040\000I\000n\000h\000e\000r\000i\000t\000a\000n\000c\000e\000\040\000P\000r\000o\000t\000o\000c\000o\000l}{section.5}% 13
\BOOKMARK [1][-]{section.6}{\376\377\000I\000n\000t\000e\000r\000r\000u\000p\000t\000\040\000L\000a\000t\000e\000n\000c\000y\000\040\000A\000n\000a\000l\000y\000s\000i\000s}{}% 14
\BOOKMARK [2][-]{subsection.6.1}{\376\377\000H\000a\000r\000d\000w\000a\000r\000e\000\040\000I\000n\000t\000e\000r\000r\000u\000p\000t\000\040\000C\000h\000a\000r\000a\000c\000t\000e\000r\000i\000s\000t\000i\000c\000s}{section.6}% 15
\BOOKMARK [1][-]{section.7}{\376\377\000F\000o\000r\000m\000a\000l\000\040\000V\000e\000r\000i\000f\000i\000c\000a\000t\000i\000o\000n\000\040\000a\000n\000d\000\040\000T\000e\000m\000p\000o\000r\000a\000l\000\040\000L\000o\000g\000i\000c}{}% 16
\BOOKMARK [2][-]{subsection.7.1}{\376\377\000T\000e\000m\000p\000o\000r\000a\000l\000\040\000L\000o\000g\000i\000c\000\040\000S\000p\000e\000c\000i\000f\000i\000c\000a\000t\000i\000o\000n}{section.7}% 17
\BOOKMARK [1][-]{section.8}{\376\377\000M\000a\000i\000n\000\040\000T\000h\000e\000o\000r\000e\000m\000:\000\040\000H\000a\000r\000d\000\040\000R\000e\000a\000l\000-\000T\000i\000m\000e\000\040\000G\000u\000a\000r\000a\000n\000t\000e\000e}{}% 18
\BOOKMARK [1][-]{section.9}{\376\377\000P\000O\000S\000I\000X\000\040\000v\000s\000.\000\040\000N\000u\000t\000t\000X\000\040\000C\000o\000m\000p\000a\000r\000a\000t\000i\000v\000e\000\040\000A\000n\000a\000l\000y\000s\000i\000s}{}% 19
\BOOKMARK [2][-]{subsection.9.1}{\376\377\000A\000r\000c\000h\000i\000t\000e\000c\000t\000u\000r\000a\000l\000\040\000D\000i\000f\000f\000e\000r\000e\000n\000c\000e\000s}{section.9}% 20
\BOOKMARK [2][-]{subsection.9.2}{\376\377\000S\000i\000m\000u\000l\000a\000t\000i\000o\000n\000\040\000O\000v\000e\000r\000h\000e\000a\000d\000\040\000A\000n\000a\000l\000y\000s\000i\000s}{section.9}% 21
\BOOKMARK [1][-]{section.10}{\376\377\000E\000x\000p\000e\000r\000i\000m\000e\000n\000t\000a\000l\000\040\000V\000a\000l\000i\000d\000a\000t\000i\000o\000n\000\040\000a\000n\000d\000\040\000E\000m\000p\000i\000r\000i\000c\000a\000l\000\040\000E\000v\000i\000d\000e\000n\000c\000e}{}% 22
\BOOKMARK [2][-]{subsection.10.1}{\376\377\000P\000h\000y\000s\000i\000c\000a\000l\000\040\000F\000e\000a\000s\000i\000b\000i\000l\000i\000t\000y\000\040\000A\000n\000a\000l\000y\000s\000i\000s}{section.10}% 23
\BOOKMARK [2][-]{subsection.10.2}{\376\377\000P\000X\0004\000\040\000M\000i\000c\000r\000o\000b\000e\000n\000c\000h\000m\000a\000r\000k\000\040\000T\000e\000s\000t\000i\000n\000g\000\040\000F\000r\000a\000m\000e\000w\000o\000r\000k}{section.10}% 24
\BOOKMARK [2][-]{subsection.10.3}{\376\377\000E\000m\000p\000i\000r\000i\000c\000a\000l\000\040\000T\000e\000s\000t\000\040\000C\000a\000t\000e\000g\000o\000r\000i\000e\000s}{section.10}% 25
\BOOKMARK [2][-]{subsection.10.4}{\376\377\000C\000o\000n\000t\000r\000o\000l\000l\000e\000r\000\040\000T\000i\000m\000i\000n\000g\000\040\000D\000i\000a\000g\000r\000a\000m\000s}{section.10}% 26
\BOOKMARK [2][-]{subsection.10.5}{\376\377\000U\000p\000d\000a\000t\000e\000\040\000R\000a\000t\000e\000\040\000A\000n\000a\000l\000y\000s\000i\000s}{section.10}% 27
\BOOKMARK [2][-]{subsection.10.6}{\376\377\000E\000m\000p\000i\000r\000i\000c\000a\000l\000\040\000V\000a\000l\000i\000d\000a\000t\000i\000o\000n\000:\000\040\000T\000e\000s\000t\000\040\000R\000e\000s\000u\000l\000t\000s}{section.10}% 28
\BOOKMARK [3][-]{subsubsection.10.6.1}{\376\377\000u\000O\000R\000B\000\040\000M\000e\000s\000s\000a\000g\000i\000n\000g\000\040\000L\000a\000t\000e\000n\000c\000y\000\040\000R\000e\000q\000u\000i\000r\000e\000m\000e\000n\000t\000s}{subsection.10.6}% 29
\BOOKMARK [3][-]{subsubsection.10.6.2}{\376\377\000M\000i\000c\000r\000o\000b\000e\000n\000c\000h\000m\000a\000r\000k\000\040\000T\000e\000s\000t\000\040\000F\000r\000a\000m\000e\000w\000o\000r\000k}{subsection.10.6}% 30
\BOOKMARK [3][-]{subsubsection.10.6.3}{\376\377\000R\000e\000a\000l\000-\000W\000o\000r\000l\000d\000\040\000T\000i\000m\000i\000n\000g\000\040\000C\000o\000n\000s\000t\000r\000a\000i\000n\000t\000s}{subsection.10.6}% 31
\BOOKMARK [3][-]{subsubsection.10.6.4}{\376\377\000S\000a\000f\000e\000t\000y\000\040\000F\000a\000c\000t\000o\000r\000\040\000A\000n\000a\000l\000y\000s\000i\000s}{subsection.10.6}% 32
\BOOKMARK [2][-]{subsection.10.7}{\376\377\000T\000i\000m\000i\000n\000g\000\040\000M\000e\000a\000s\000u\000r\000e\000m\000e\000n\000t\000s}{section.10}% 33
\BOOKMARK [1][-]{section.11}{\376\377\000C\000o\000n\000c\000l\000u\000s\000i\000o\000n\000s}{}% 34
\BOOKMARK [1][-]{appendix.A}{\376\377\000D\000e\000t\000a\000i\000l\000e\000d\000\040\000C\000a\000l\000c\000u\000l\000a\000t\000i\000o\000n\000s}{}% 35
\BOOKMARK [2][-]{subsection.A.1}{\376\377\000C\000o\000m\000p\000l\000e\000t\000e\000\040\000R\000e\000s\000p\000o\000n\000s\000e\000\040\000T\000i\000m\000e\000\040\000A\000n\000a\000l\000y\000s\000i\000s}{appendix.A}% 36
\BOOKMARK [2][-]{subsection.A.2}{\376\377\000U\000t\000i\000l\000i\000z\000a\000t\000i\000o\000n\000\040\000B\000o\000u\000n\000d\000s\000\040\000f\000o\000r\000\040\000D\000i\000f\000f\000e\000r\000e\000n\000t\000\040\000T\000a\000s\000k\000\040\000C\000o\000u\000n\000t\000s}{appendix.A}% 37
\BOOKMARK [1][-]{appendix.B}{\376\377\000N\000u\000t\000t\000X\000\040\000S\000c\000h\000e\000d\000u\000l\000e\000r\000\040\000I\000m\000p\000l\000e\000m\000e\000n\000t\000a\000t\000i\000o\000n\000\040\000D\000e\000t\000a\000i\000l\000s}{}% 38
\BOOKMARK [2][-]{subsection.B.1}{\376\377\000P\000r\000i\000o\000r\000i\000t\000y\000\040\000I\000n\000h\000e\000r\000i\000t\000a\000n\000c\000e\000\040\000A\000l\000g\000o\000r\000i\000t\000h\000m}{appendix.B}% 39
